# JRE version: Java(TM) SE Runtime Environment (8.0_101-b13) (build 1.8.0_101-b13)
# Java VM: Java HotSpot(TM) 64-Bit Server VM (25.101-b13 mixed mode linux-amd64 compressed oops)
Heap:
 PSYoungGen      total 175616K, used 11771K [0x00000000e6300000, 0x00000000f1a00000, 0x0000000100000000)
  eden space 163840K, 0% used [0x00000000e6300000,0x00000000e6300000,0x00000000f0300000)
  from space 11776K, 99% used [0x00000000f0300000,0x00000000f0e7ece8,0x00000000f0e80000)
  to   space 11264K, 0% used [0x00000000f0f00000,0x00000000f0f00000,0x00000000f1a00000)
 ParOldGen       total 56320K, used 30878K [0x00000000b2800000, 0x00000000b5f00000, 0x00000000e6300000)
  object space 56320K, 54% used [0x00000000b2800000,0x00000000b4627838,0x00000000b5f00000)
 Metaspace       used 26387K, capacity 26988K, committed 27136K, reserved 1073152K
  class space    used 3143K, capacity 3321K, committed 3328K, reserved 1048576K
GC Heap History (10 events):
Event: 2.055 GC heap after
Heap after GC invocations=3 (full 0):
 PSYoungGen      total 44032K, used 3056K [0x00000000e6300000, 0x00000000eb900000, 0x0000000100000000)
  eden space 40960K, 0% used [0x00000000e6300000,0x00000000e6300000,0x00000000e8b00000)
  from space 3072K, 99% used [0x00000000e8b00000,0x00000000e8dfc010,0x00000000e8e00000)
  to   space 3072K, 0% used [0x00000000eb600000,0x00000000eb600000,0x00000000eb900000)
 ParOldGen       total 53248K, used 8700K [0x00000000b2800000, 0x00000000b5c00000, 0x00000000e6300000)
  object space 53248K, 16% used [0x00000000b2800000,0x00000000b307f368,0x00000000b5c00000)
 Metaspace       used 14601K, capacity 14864K, committed 14976K, reserved 1062912K
  class space    used 1806K, capacity 1874K, committed 1920K, reserved 1048576K
}
Event: 2.666 GC heap before
{Heap before GC invocations=4 (full 0):
 PSYoungGen      total 44032K, used 44016K [0x00000000e6300000, 0x00000000eb900000, 0x0000000100000000)
  eden space 40960K, 100% used [0x00000000e6300000,0x00000000e8b00000,0x00000000e8b00000)
  from space 3072K, 99% used [0x00000000e8b00000,0x00000000e8dfc010,0x00000000e8e00000)
  to   space 3072K, 0% used [0x00000000eb600000,0x00000000eb600000,0x00000000eb900000)
 ParOldGen       total 53248K, used 8700K [0x00000000b2800000, 0x00000000b5c00000, 0x00000000e6300000)
  object space 53248K, 16% used [0x00000000b2800000,0x00000000b307f368,0x00000000b5c00000)
 Metaspace       used 15194K, capacity 15426K, committed 15488K, reserved 1062912K
  class space    used 1843K, capacity 1909K, committed 1920K, reserved 1048576K
Event: 2.687 GC heap after
Heap after GC invocations=4 (full 0):
 PSYoungGen      total 84992K, used 3056K [0x00000000e6300000, 0x00000000eb900000, 0x0000000100000000)
  eden space 81920K, 0% used [0x00000000e6300000,0x00000000e6300000,0x00000000eb300000)
  from space 3072K, 99% used [0x00000000eb600000,0x00000000eb8fc010,0x00000000eb900000)
  to   space 3072K, 0% used [0x00000000eb300000,0x00000000eb300000,0x00000000eb600000)
 ParOldGen       total 53248K, used 14206K [0x00000000b2800000, 0x00000000b5c00000, 0x00000000e6300000)
  object space 53248K, 26% used [0x00000000b2800000,0x00000000b35dfb30,0x00000000b5c00000)
 Metaspace       used 15194K, capacity 15426K, committed 15488K, reserved 1062912K
  class space    used 1843K, capacity 1909K, committed 1920K, reserved 1048576K
}
Event: 7.268 GC heap before
{Heap before GC invocations=5 (full 0):
 PSYoungGen      total 84992K, used 84976K [0x00000000e6300000, 0x00000000eb900000, 0x0000000100000000)
  eden space 81920K, 100% used [0x00000000e6300000,0x00000000eb300000,0x00000000eb300000)
  from space 3072K, 99% used [0x00000000eb600000,0x00000000eb8fc010,0x00000000eb900000)
  to   space 3072K, 0% used [0x00000000eb300000,0x00000000eb300000,0x00000000eb600000)
 ParOldGen       total 53248K, used 14206K [0x00000000b2800000, 0x00000000b5c00000, 0x00000000e6300000)
  object space 53248K, 26% used [0x00000000b2800000,0x00000000b35dfb30,0x00000000b5c00000)
 Metaspace       used 16474K, capacity 16824K, committed 17024K, reserved 1064960K
  class space    used 1950K, capacity 2050K, committed 2176K, reserved 1048576K
Event: 7.305 GC heap after
Heap after GC invocations=5 (full 0):
 PSYoungGen      total 84992K, used 3056K [0x00000000e6300000, 0x00000000f1b00000, 0x0000000100000000)
  eden space 81920K, 0% used [0x00000000e6300000,0x00000000e6300000,0x00000000eb300000)
  from space 3072K, 99% used [0x00000000eb300000,0x00000000eb5fc010,0x00000000eb600000)
  to   space 12288K, 0% used [0x00000000f0f00000,0x00000000f0f00000,0x00000000f1b00000)
 ParOldGen       total 53248K, used 20883K [0x00000000b2800000, 0x00000000b5c00000, 0x00000000e6300000)
  object space 53248K, 39% used [0x00000000b2800000,0x00000000b3c64df0,0x00000000b5c00000)
 Metaspace       used 16474K, capacity 16824K, committed 17024K, reserved 1064960K
  class space    used 1950K, capacity 2050K, committed 2176K, reserved 1048576K
}
Event: 34.917 GC heap before
{Heap before GC invocations=6 (full 0):
 PSYoungGen      total 84992K, used 52960K [0x00000000e6300000, 0x00000000f1b00000, 0x0000000100000000)
  eden space 81920K, 60% used [0x00000000e6300000,0x00000000e93bc220,0x00000000eb300000)
  from space 3072K, 99% used [0x00000000eb300000,0x00000000eb5fc010,0x00000000eb600000)
  to   space 12288K, 0% used [0x00000000f0f00000,0x00000000f0f00000,0x00000000f1b00000)
 ParOldGen       total 53248K, used 20883K [0x00000000b2800000, 0x00000000b5c00000, 0x00000000e6300000)
  object space 53248K, 39% used [0x00000000b2800000,0x00000000b3c64df0,0x00000000b5c00000)
 Metaspace       used 20793K, capacity 21148K, committed 21296K, reserved 1069056K
  class space    used 2506K, capacity 2642K, committed 2688K, reserved 1048576K
Event: 34.928 GC heap after
Heap after GC invocations=6 (full 0):
 PSYoungGen      total 175104K, used 6586K [0x00000000e6300000, 0x00000000f1a00000, 0x0000000100000000)
  eden space 163840K, 0% used [0x00000000e6300000,0x00000000e6300000,0x00000000f0300000)
  from space 11264K, 58% used [0x00000000f0f00000,0x00000000f156e8d8,0x00000000f1a00000)
  to   space 11776K, 0% used [0x00000000f0300000,0x00000000f0300000,0x00000000f0e80000)
 ParOldGen       total 53248K, used 20891K [0x00000000b2800000, 0x00000000b5c00000, 0x00000000e6300000)
  object space 53248K, 39% used [0x00000000b2800000,0x00000000b3c66df0,0x00000000b5c00000)
 Metaspace       used 20793K, capacity 21148K, committed 21296K, reserved 1069056K
  class space    used 2506K, capacity 2642K, committed 2688K, reserved 1048576K
}
Event: 34.992 GC heap before
{Heap before GC invocations=7 (full 1):
 PSYoungGen      total 175104K, used 6586K [0x00000000e6300000, 0x00000000f1a00000, 0x0000000100000000)
  eden space 163840K, 0% used [0x00000000e6300000,0x00000000e6300000,0x00000000f0300000)
  from space 11264K, 58% used [0x00000000f0f00000,0x00000000f156e8d8,0x00000000f1a00000)
  to   space 11776K, 0% used [0x00000000f0300000,0x00000000f0300000,0x00000000f0e80000)
 ParOldGen       total 53248K, used 20891K [0x00000000b2800000, 0x00000000b5c00000, 0x00000000e6300000)
  object space 53248K, 39% used [0x00000000b2800000,0x00000000b3c66df0,0x00000000b5c00000)
 Metaspace       used 20793K, capacity 21148K, committed 21296K, reserved 1069056K
  class space    used 2506K, capacity 2642K, committed 2688K, reserved 1048576K
Event: 35.121 GC heap after
Heap after GC invocations=7 (full 1):
 PSYoungGen      total 175104K, used 0K [0x00000000e6300000, 0x00000000f1a00000, 0x0000000100000000)
  eden space 163840K, 0% used [0x00000000e6300000,0x00000000e6300000,0x00000000f0300000)
  from space 11264K, 0% used [0x00000000f0f00000,0x00000000f0f00000,0x00000000f1a00000)
  to   space 11776K, 0% used [0x00000000f0300000,0x00000000f0300000,0x00000000f0e80000)
 ParOldGen       total 56320K, used 21655K [0x00000000b2800000, 0x00000000b5f00000, 0x00000000e6300000)
  object space 56320K, 38% used [0x00000000b2800000,0x00000000b3d25d58,0x00000000b5f00000)
 Metaspace       used 20793K, capacity 21148K, committed 21296K, reserved 1069056K
  class space    used 2506K, capacity 2642K, committed 2688K, reserved 1048576K
}
Event: 44.303 GC heap before
{Heap before GC invocations=8 (full 1):
 PSYoungGen      total 175104K, used 163840K [0x00000000e6300000, 0x00000000f1a00000, 0x0000000100000000)
  eden space 163840K, 100% used [0x00000000e6300000,0x00000000f0300000,0x00000000f0300000)
  from space 11264K, 0% used [0x00000000f0f00000,0x00000000f0f00000,0x00000000f1a00000)
  to   space 11776K, 0% used [0x00000000f0300000,0x00000000f0300000,0x00000000f0e80000)
 ParOldGen       total 56320K, used 21655K [0x00000000b2800000, 0x00000000b5f00000, 0x00000000e6300000)
  object space 56320K, 38% used [0x00000000b2800000,0x00000000b3d25d58,0x00000000b5f00000)
 Metaspace       used 26387K, capacity 26988K, committed 27136K, reserved 1073152K
  class space    used 3143K, capacity 3321K, committed 3328K, reserved 1048576K

