# JRE version: Java(TM) SE Runtime Environment (8.0_101-b13) (build 1.8.0_101-b13)
# Java VM: Java HotSpot(TM) 64-Bit Server VM (25.101-b13 mixed mode linux-amd64 compressed oops)
Heap:
 PSYoungGen      total 93184K, used 7136K [0x00000000e4b00000, 0x00000000ead00000, 0x0000000100000000)
  eden space 86016K, 0% used [0x00000000e4b00000,0x00000000e4b00000,0x00000000e9f00000)
  from space 7168K, 99% used [0x00000000e9f00000,0x00000000ea5f8040,0x00000000ea600000)
  to   space 7168K, 0% used [0x00000000ea600000,0x00000000ea600000,0x00000000ead00000)
 ParOldGen       total 56320K, used 12746K [0x00000000ae000000, 0x00000000b1700000, 0x00000000e4b00000)
  object space 56320K, 22% used [0x00000000ae000000,0x00000000aec728c8,0x00000000b1700000)
 Metaspace       used 18663K, capacity 19178K, committed 19328K, reserved 1067008K
  class space    used 2227K, capacity 2349K, committed 2432K, reserved 1048576K
GC Heap History (10 events):
Event: 0.895 GC heap after
Heap after GC invocations=2 (full 0):
 PSYoungGen      total 24576K, used 3048K [0x00000000e4b00000, 0x00000000e7b00000, 0x0000000100000000)
  eden space 21504K, 0% used [0x00000000e4b00000,0x00000000e4b00000,0x00000000e6000000)
  from space 3072K, 99% used [0x00000000e6300000,0x00000000e65fa160,0x00000000e6600000)
  to   space 3072K, 0% used [0x00000000e6000000,0x00000000e6000000,0x00000000e6300000)
 ParOldGen       total 56320K, used 1557K [0x00000000ae000000, 0x00000000b1700000, 0x00000000e4b00000)
  object space 56320K, 2% used [0x00000000ae000000,0x00000000ae185438,0x00000000b1700000)
 Metaspace       used 9525K, capacity 9710K, committed 9728K, reserved 1058816K
  class space    used 1194K, capacity 1275K, committed 1280K, reserved 1048576K
}
Event: 1.153 GC heap before
{Heap before GC invocations=3 (full 0):
 PSYoungGen      total 24576K, used 24552K [0x00000000e4b00000, 0x00000000e7b00000, 0x0000000100000000)
  eden space 21504K, 100% used [0x00000000e4b00000,0x00000000e6000000,0x00000000e6000000)
  from space 3072K, 99% used [0x00000000e6300000,0x00000000e65fa160,0x00000000e6600000)
  to   space 3072K, 0% used [0x00000000e6000000,0x00000000e6000000,0x00000000e6300000)
 ParOldGen       total 56320K, used 1557K [0x00000000ae000000, 0x00000000b1700000, 0x00000000e4b00000)
  object space 56320K, 2% used [0x00000000ae000000,0x00000000ae185438,0x00000000b1700000)
 Metaspace       used 11596K, capacity 11732K, committed 11776K, reserved 1058816K
  class space    used 1436K, capacity 1500K, committed 1536K, reserved 1048576K
Event: 1.158 GC heap after
Heap after GC invocations=3 (full 0):
 PSYoungGen      total 24576K, used 3058K [0x00000000e4b00000, 0x00000000e7b00000, 0x0000000100000000)
  eden space 21504K, 0% used [0x00000000e4b00000,0x00000000e4b00000,0x00000000e6000000)
  from space 3072K, 99% used [0x00000000e6000000,0x00000000e62fcba0,0x00000000e6300000)
  to   space 3072K, 0% used [0x00000000e7800000,0x00000000e7800000,0x00000000e7b00000)
 ParOldGen       total 56320K, used 2874K [0x00000000ae000000, 0x00000000b1700000, 0x00000000e4b00000)
  object space 56320K, 5% used [0x00000000ae000000,0x00000000ae2ce8e8,0x00000000b1700000)
 Metaspace       used 11596K, capacity 11732K, committed 11776K, reserved 1058816K
  class space    used 1436K, capacity 1500K, committed 1536K, reserved 1048576K
}
Event: 1.647 GC heap before
{Heap before GC invocations=4 (full 0):
 PSYoungGen      total 24576K, used 24562K [0x00000000e4b00000, 0x00000000e7b00000, 0x0000000100000000)
  eden space 21504K, 100% used [0x00000000e4b00000,0x00000000e6000000,0x00000000e6000000)
  from space 3072K, 99% used [0x00000000e6000000,0x00000000e62fcba0,0x00000000e6300000)
  to   space 3072K, 0% used [0x00000000e7800000,0x00000000e7800000,0x00000000e7b00000)
 ParOldGen       total 56320K, used 2874K [0x00000000ae000000, 0x00000000b1700000, 0x00000000e4b00000)
  object space 56320K, 5% used [0x00000000ae000000,0x00000000ae2ce8e8,0x00000000b1700000)
 Metaspace       used 13891K, capacity 14046K, committed 14336K, reserved 1062912K
  class space    used 1665K, capacity 1731K, committed 1792K, reserved 1048576K
Event: 1.656 GC heap after
Heap after GC invocations=4 (full 0):
 PSYoungGen      total 46080K, used 3056K [0x00000000e4b00000, 0x00000000e7b00000, 0x0000000100000000)
  eden space 43008K, 0% used [0x00000000e4b00000,0x00000000e4b00000,0x00000000e7500000)
  from space 3072K, 99% used [0x00000000e7800000,0x00000000e7afc010,0x00000000e7b00000)
  to   space 3072K, 0% used [0x00000000e7500000,0x00000000e7500000,0x00000000e7800000)
 ParOldGen       total 56320K, used 5716K [0x00000000ae000000, 0x00000000b1700000, 0x00000000e4b00000)
  object space 56320K, 10% used [0x00000000ae000000,0x00000000ae5953a8,0x00000000b1700000)
 Metaspace       used 13891K, capacity 14046K, committed 14336K, reserved 1062912K
  class space    used 1665K, capacity 1731K, committed 1792K, reserved 1048576K
}
Event: 2.140 GC heap before
{Heap before GC invocations=5 (full 0):
 PSYoungGen      total 46080K, used 46064K [0x00000000e4b00000, 0x00000000e7b00000, 0x0000000100000000)
  eden space 43008K, 100% used [0x00000000e4b00000,0x00000000e7500000,0x00000000e7500000)
  from space 3072K, 99% used [0x00000000e7800000,0x00000000e7afc010,0x00000000e7b00000)
  to   space 3072K, 0% used [0x00000000e7500000,0x00000000e7500000,0x00000000e7800000)
 ParOldGen       total 56320K, used 5716K [0x00000000ae000000, 0x00000000b1700000, 0x00000000e4b00000)
  object space 56320K, 10% used [0x00000000ae000000,0x00000000ae5953a8,0x00000000b1700000)
 Metaspace       used 14541K, capacity 14736K, committed 14848K, reserved 1062912K
  class space    used 1720K, capacity 1771K, committed 1792K, reserved 1048576K
Event: 2.154 GC heap after
Heap after GC invocations=5 (full 0):
 PSYoungGen      total 46080K, used 3040K [0x00000000e4b00000, 0x00000000ead00000, 0x0000000100000000)
  eden space 43008K, 0% used [0x00000000e4b00000,0x00000000e4b00000,0x00000000e7500000)
  from space 3072K, 98% used [0x00000000e7500000,0x00000000e77f8020,0x00000000e7800000)
  to   space 7168K, 0% used [0x00000000ea600000,0x00000000ea600000,0x00000000ead00000)
 ParOldGen       total 56320K, used 9349K [0x00000000ae000000, 0x00000000b1700000, 0x00000000e4b00000)
  object space 56320K, 16% used [0x00000000ae000000,0x00000000ae9217f8,0x00000000b1700000)
 Metaspace       used 14541K, capacity 14736K, committed 14848K, reserved 1062912K
  class space    used 1720K, capacity 1771K, committed 1792K, reserved 1048576K
}
Event: 2.763 GC heap before
{Heap before GC invocations=6 (full 0):
 PSYoungGen      total 46080K, used 46048K [0x00000000e4b00000, 0x00000000ead00000, 0x0000000100000000)
  eden space 43008K, 100% used [0x00000000e4b00000,0x00000000e7500000,0x00000000e7500000)
  from space 3072K, 98% used [0x00000000e7500000,0x00000000e77f8020,0x00000000e7800000)
  to   space 7168K, 0% used [0x00000000ea600000,0x00000000ea600000,0x00000000ead00000)
 ParOldGen       total 56320K, used 9349K [0x00000000ae000000, 0x00000000b1700000, 0x00000000e4b00000)
  object space 56320K, 16% used [0x00000000ae000000,0x00000000ae9217f8,0x00000000b1700000)
 Metaspace       used 14688K, capacity 14870K, committed 15104K, reserved 1062912K
  class space    used 1724K, capacity 1772K, committed 1792K, reserved 1048576K
Event: 2.771 GC heap after
Heap after GC invocations=6 (full 0):
 PSYoungGen      total 93184K, used 5600K [0x00000000e4b00000, 0x00000000ead00000, 0x0000000100000000)
  eden space 86016K, 0% used [0x00000000e4b00000,0x00000000e4b00000,0x00000000e9f00000)
  from space 7168K, 78% used [0x00000000ea600000,0x00000000eab78020,0x00000000ead00000)
  to   space 7168K, 0% used [0x00000000e9f00000,0x00000000e9f00000,0x00000000ea600000)
 ParOldGen       total 56320K, used 9357K [0x00000000ae000000, 0x00000000b1700000, 0x00000000e4b00000)
  object space 56320K, 16% used [0x00000000ae000000,0x00000000ae9237f8,0x00000000b1700000)
 Metaspace       used 14688K, capacity 14870K, committed 15104K, reserved 1062912K
  class space    used 1724K, capacity 1772K, committed 1792K, reserved 1048576K
}
Event: 5.089 GC heap before
{Heap before GC invocations=7 (full 0):
 PSYoungGen      total 93184K, used 91616K [0x00000000e4b00000, 0x00000000ead00000, 0x0000000100000000)
  eden space 86016K, 100% used [0x00000000e4b00000,0x00000000e9f00000,0x00000000e9f00000)
  from space 7168K, 78% used [0x00000000ea600000,0x00000000eab78020,0x00000000ead00000)
  to   space 7168K, 0% used [0x00000000e9f00000,0x00000000e9f00000,0x00000000ea600000)
 ParOldGen       total 56320K, used 9357K [0x00000000ae000000, 0x00000000b1700000, 0x00000000e4b00000)
  object space 56320K, 16% used [0x00000000ae000000,0x00000000ae9237f8,0x00000000b1700000)
 Metaspace       used 18663K, capacity 19178K, committed 19328K, reserved 1067008K
  class space    used 2227K, capacity 2349K, committed 2432K, reserved 1048576K

